Flow report for ComputadorBasico
Sun Sep 06 18:43:48 2020
Quartus Prime Version 16.0.0 Build 211 04/27/2016 SJ Lite Edition


---------------------
; Table of Contents ;
---------------------
  1. Legal Notice
  2. Flow Summary
  3. Flow Settings
  4. Flow Non-Default Global Settings
  5. Flow Elapsed Time
  6. Flow OS Summary
  7. Flow Log
  8. Flow Messages
  9. Flow Suppressed Messages



----------------
; Legal Notice ;
----------------
Copyright (C) 1991-2016 Altera Corporation. All rights reserved.
Your use of Altera Corporation's design tools, logic functions 
and other software and tools, and its AMPP partner logic 
functions, and any output files from any of the foregoing 
(including device programming or simulation files), and any 
associated documentation or information are expressly subject 
to the terms and conditions of the Altera Program License 
Subscription Agreement, the Altera Quartus Prime License Agreement,
the Altera MegaCore Function License Agreement, or other 
applicable license agreement, including, without limitation, 
that your use is for the sole purpose of programming logic 
devices manufactured by Altera and sold by Altera or its 
authorized distributors.  Please refer to the applicable 
agreement for further details.



+-------------------------------------------------------------------------------+
; Flow Summary                                                                  ;
+---------------------------------+---------------------------------------------+
; Flow Status                     ; Successful - Sun Sep 06 18:43:48 2020       ;
; Quartus Prime Version           ; 16.0.0 Build 211 04/27/2016 SJ Lite Edition ;
; Revision Name                   ; ComputadorBasico                            ;
; Top-level Entity Name           ; CPU8bits                                    ;
; Family                          ; Cyclone V                                   ;
; Device                          ; 5CGXFC7C7F23C8                              ;
; Timing Models                   ; Final                                       ;
; Logic utilization (in ALMs)     ; 86 / 56,480 ( < 1 % )                       ;
; Total registers                 ; 48                                          ;
; Total pins                      ; 109 / 268 ( 41 % )                          ;
; Total virtual pins              ; 0                                           ;
; Total block memory bits         ; 0 / 7,024,640 ( 0 % )                       ;
; Total DSP Blocks                ; 0 / 156 ( 0 % )                             ;
; Total HSSI RX PCSs              ; 0 / 6 ( 0 % )                               ;
; Total HSSI PMA RX Deserializers ; 0 / 6 ( 0 % )                               ;
; Total HSSI TX PCSs              ; 0 / 6 ( 0 % )                               ;
; Total HSSI PMA TX Serializers   ; 0 / 6 ( 0 % )                               ;
; Total PLLs                      ; 0 / 13 ( 0 % )                              ;
; Total DLLs                      ; 0 / 4 ( 0 % )                               ;
+---------------------------------+---------------------------------------------+


+-----------------------------------------+
; Flow Settings                           ;
+-------------------+---------------------+
; Option            ; Setting             ;
+-------------------+---------------------+
; Start date & time ; 08/31/2020 19:49:13 ;
; Main task         ; Compilation         ;
; Revision Name     ; ComputadorBasico    ;
+-------------------+---------------------+


+-------------------------------------------------------------------------------------------------------------------------+
; Flow Non-Default Global Settings                                                                                        ;
+-------------------------------------+---------------------------------+------------------+-------------+----------------+
; Assignment Name                     ; Value                           ; Default Value    ; Entity Name ; Section Id     ;
+-------------------------------------+---------------------------------+------------------+-------------+----------------+
; COMPILER_SIGNATURE_ID               ; 198112239512368.159892135320484 ; --               ; --          ; --             ;
; EDA_OUTPUT_DATA_FORMAT              ; Verilog Hdl                     ; --               ; --          ; eda_simulation ;
; EDA_SIMULATION_TOOL                 ; ModelSim-Altera (Verilog)       ; <None>           ; --          ; --             ;
; EDA_TIME_SCALE                      ; 1 ps                            ; --               ; --          ; eda_simulation ;
; PARTITION_COLOR                     ; 16764057                        ; --               ; CPU8bits    ; Top            ;
; PARTITION_FITTER_PRESERVATION_LEVEL ; PLACEMENT_AND_ROUTING           ; --               ; CPU8bits    ; Top            ;
; PARTITION_NETLIST_TYPE              ; SOURCE                          ; --               ; CPU8bits    ; Top            ;
; PROJECT_OUTPUT_DIRECTORY            ; output_files                    ; --               ; --          ; --             ;
; TOP_LEVEL_ENTITY                    ; CPU8bits                        ; ComputadorBasico ; --          ; --             ;
+-------------------------------------+---------------------------------+------------------+-------------+----------------+


+-------------------------------------------------------------------------------------------------------------------------------+
; Flow Elapsed Time                                                                                                             ;
+---------------------------+--------------+-------------------------+---------------------+------------------------------------+
; Module Name               ; Elapsed Time ; Average Processors Used ; Peak Virtual Memory ; Total CPU Time (on all processors) ;
+---------------------------+--------------+-------------------------+---------------------+------------------------------------+
; Analysis & Synthesis      ; 00:00:07     ; 1.0                     ; 5075 MB             ; 00:00:15                           ;
; Fitter                    ; 00:00:44     ; 1.0                     ; 6397 MB             ; 00:00:53                           ;
; Assembler                 ; 00:00:05     ; 1.0                     ; 5025 MB             ; 00:00:05                           ;
; TimeQuest Timing Analyzer ; 00:00:06     ; 1.0                     ; 5354 MB             ; 00:00:06                           ;
; EDA Netlist Writer        ; 00:00:01     ; 1.0                     ; 4944 MB             ; 00:00:01                           ;
; EDA Netlist Writer        ; 00:00:01     ; 1.0                     ; 4916 MB             ; 00:00:01                           ;
; EDA Netlist Writer        ; 00:00:01     ; 1.0                     ; 4926 MB             ; 00:00:01                           ;
; EDA Netlist Writer        ; 00:00:09     ; 1.0                     ; 4927 MB             ; 00:00:04                           ;
; EDA Netlist Writer        ; 00:00:07     ; 1.0                     ; 4936 MB             ; 00:00:04                           ;
; Total                     ; 00:01:21     ; --                      ; --                  ; 00:01:30                           ;
+---------------------------+--------------+-------------------------+---------------------+------------------------------------+


+----------------------------------------------------------------------------------------+
; Flow OS Summary                                                                        ;
+---------------------------+------------------+-----------+------------+----------------+
; Module Name               ; Machine Hostname ; OS Name   ; OS Version ; Processor type ;
+---------------------------+------------------+-----------+------------+----------------+
; Analysis & Synthesis      ; DESKTOP-NUFPI4S  ; Windows 8 ; 6.2        ; x86_64         ;
; Fitter                    ; DESKTOP-NUFPI4S  ; Windows 8 ; 6.2        ; x86_64         ;
; Assembler                 ; DESKTOP-NUFPI4S  ; Windows 8 ; 6.2        ; x86_64         ;
; TimeQuest Timing Analyzer ; DESKTOP-NUFPI4S  ; Windows 8 ; 6.2        ; x86_64         ;
; EDA Netlist Writer        ; DESKTOP-NUFPI4S  ; Windows 8 ; 6.2        ; x86_64         ;
; EDA Netlist Writer        ; DESKTOP-NUFPI4S  ; Windows 8 ; 6.2        ; x86_64         ;
; EDA Netlist Writer        ; DESKTOP-NUFPI4S  ; Windows 8 ; 6.2        ; x86_64         ;
; EDA Netlist Writer        ; DESKTOP-FB2QGIS  ; Windows 8 ; 6.2        ; x86_64         ;
; EDA Netlist Writer        ; DESKTOP-FB2QGIS  ; Windows 8 ; 6.2        ; x86_64         ;
+---------------------------+------------------+-----------+------------+----------------+


------------
; Flow Log ;
------------
quartus_map --read_settings_files=on --write_settings_files=off ComputadorBasico -c ComputadorBasico
quartus_fit --read_settings_files=off --write_settings_files=off ComputadorBasico -c ComputadorBasico
quartus_asm --read_settings_files=off --write_settings_files=off ComputadorBasico -c ComputadorBasico
quartus_sta ComputadorBasico -c ComputadorBasico
quartus_eda --read_settings_files=off --write_settings_files=off ComputadorBasico -c ComputadorBasico
quartus_eda --gen_testbench --tool=modelsim_oem --format=verilog --write_settings_files=off ComputadorBasico -c ComputadorBasico --vector_source=C:/Users/Chris/Desktop/ALU-CamilaLenis-CPU/WaveformCPUsem4.vwf --testbench_file=C:/Users/Chris/Desktop/ALU-CamilaLenis-CPU/simulation/qsim/WaveformCPUsem4.vwf.vt
quartus_eda --write_settings_files=off --functional=on --flatten_buses=off --simulation=on --tool=modelsim_oem --format=verilog --output_directory=C:/Users/Chris/Desktop/ALU-CamilaLenis-CPU/simulation/qsim/ ComputadorBasico -c ComputadorBasico
quartus_eda --gen_testbench --tool=modelsim_oem --format=verilog --write_settings_files=off ComputadorBasico -c ComputadorBasico --vector_source="C:/Users/PC/Documents/MEGAsync/ICESI/Arquitectura de Hardware/lab-hardware-architecture/BasicComputer/WaveformCPUsem4.vwf" --testbench_file="C:/Users/PC/Documents/MEGAsync/ICESI/Arquitectura de Hardware/lab-hardware-architecture/BasicComputer/simulation/qsim/WaveformCPUsem4.vwf.vt"
quartus_eda --write_settings_files=off --functional=on --flatten_buses=off --simulation=on --tool=modelsim_oem --format=verilog --output_directory="C:/Users/PC/Documents/MEGAsync/ICESI/Arquitectura de Hardware/lab-hardware-architecture/BasicComputer/simulation/qsim/" ComputadorBasico -c ComputadorBasico



